[     122ms] [INFO] %cDownload the React DevTools for a better development experience: https://react.dev/link/react-devtools font-weight:bold @ http://localhost:3099/_next/static/chunks/0f_1_next_dist_0ulthqw._.js:2431
[     211ms] [LOG] [HMR] connected @ http://localhost:3099/_next/static/chunks/0f_1_next_dist_0ulthqw._.js:2431
[     278ms] [WARNING] Please ensure that the container has a non-static position, like 'relative', 'fixed', or 'absolute' to ensure scroll offset is calculated correctly. @ http://localhost:3099/_next/static/chunks/0f_1_next_dist_0ulthqw._.js:2431
[  158664ms] [LOG] [Fast Refresh] rebuilding @ http://localhost:3099/_next/static/chunks/0f_1_next_dist_0ulthqw._.js:2431
[  158961ms] [LOG] [Fast Refresh] done in 256ms @ http://localhost:3099/_next/static/chunks/0f_1_next_dist_0ulthqw._.js:2431
[  159071ms] [LOG] [Fast Refresh] rebuilding @ http://localhost:3099/_next/static/chunks/0f_1_next_dist_0ulthqw._.js:2431
[  159196ms] [LOG] [Fast Refresh] done in 231ms @ http://localhost:3099/_next/static/chunks/0f_1_next_dist_0ulthqw._.js:2431
[  165235ms] [LOG] [Fast Refresh] rebuilding @ http://localhost:3099/_next/static/chunks/0f_1_next_dist_0ulthqw._.js:2431
[  165469ms] [LOG] [Fast Refresh] done in 280ms @ http://localhost:3099/_next/static/chunks/0f_1_next_dist_0ulthqw._.js:2431
[  165474ms] [WARNING] [HMR] Invalid message: {"isTrusted":true}
TypeError: Cannot convert undefined or null to object
    at Object.keys (<anonymous>)
    at extractModulesFromTurbopackMessage (http://localhost:3099/_next/static/chunks/0f_1_next_dist_client_0l_zv_d._.js:13631:39)
    at TurbopackHmr.onTurbopackMessage (http://localhost:3099/_next/static/chunks/0f_1_next_dist_client_0l_zv_d._.js:13578:32)
    at processMessage (http://localhost:3099/_next/static/chunks/0f_1_next_dist_client_0l_zv_d._.js:13936:30)
    at WebSocket.handleMessage (http://localhost:3099/_next/static/chunks/0f_1_next_dist_client_0l_zv_d._.js:13335:52) @ http://localhost:3099/_next/static/chunks/0f_1_next_dist_0ulthqw._.js:2431
[  165737ms] [INFO] %cDownload the React DevTools for a better development experience: https://react.dev/link/react-devtools font-weight:bold @ http://localhost:3099/_next/static/chunks/0f_1_next_dist_0ulthqw._.js:2431
[  165755ms] [LOG] [HMR] connected @ http://localhost:3099/_next/static/chunks/0f_1_next_dist_0ulthqw._.js:2431
[  165786ms] [WARNING] Please ensure that the container has a non-static position, like 'relative', 'fixed', or 'absolute' to ensure scroll offset is calculated correctly. @ http://localhost:3099/_next/static/chunks/0f_1_next_dist_0ulthqw._.js:2431
[  258095ms] [INFO] %cDownload the React DevTools for a better development experience: https://react.dev/link/react-devtools font-weight:bold @ http://localhost:3099/_next/static/chunks/0f_1_next_dist_0ulthqw._.js:2431
[  258108ms] [LOG] [HMR] connected @ http://localhost:3099/_next/static/chunks/0f_1_next_dist_0ulthqw._.js:2431
[  258136ms] [WARNING] Please ensure that the container has a non-static position, like 'relative', 'fixed', or 'absolute' to ensure scroll offset is calculated correctly. @ http://localhost:3099/_next/static/chunks/0f_1_next_dist_0ulthqw._.js:2431
[  300781ms] [INFO] %cDownload the React DevTools for a better development experience: https://react.dev/link/react-devtools font-weight:bold @ http://localhost:3099/_next/static/chunks/0f_1_next_dist_0ulthqw._.js:2431
[  300802ms] [LOG] [HMR] connected @ http://localhost:3099/_next/static/chunks/0f_1_next_dist_0ulthqw._.js:2431
[  300852ms] [WARNING] Please ensure that the container has a non-static position, like 'relative', 'fixed', or 'absolute' to ensure scroll offset is calculated correctly. @ http://localhost:3099/_next/static/chunks/0f_1_next_dist_0ulthqw._.js:2431
[  305868ms] [INFO] %cDownload the React DevTools for a better development experience: https://react.dev/link/react-devtools font-weight:bold @ http://localhost:3099/_next/static/chunks/0f_1_next_dist_0ulthqw._.js:2431
[  305874ms] [LOG] [HMR] connected @ http://localhost:3099/_next/static/chunks/0f_1_next_dist_0ulthqw._.js:2431
[  305912ms] [WARNING] Please ensure that the container has a non-static position, like 'relative', 'fixed', or 'absolute' to ensure scroll offset is calculated correctly. @ http://localhost:3099/_next/static/chunks/0f_1_next_dist_0ulthqw._.js:2431
[  309724ms] [INFO] %cDownload the React DevTools for a better development experience: https://react.dev/link/react-devtools font-weight:bold @ http://localhost:3099/_next/static/chunks/0f_1_next_dist_0ulthqw._.js:2431
[  309734ms] [LOG] [HMR] connected @ http://localhost:3099/_next/static/chunks/0f_1_next_dist_0ulthqw._.js:2431
[  309756ms] [WARNING] You have Reduced Motion enabled on your device. Animations may not appear as expected.. For more information and steps for solving, visit https://motion.dev/troubleshooting/reduced-motion-disabled @ http://localhost:3099/_next/static/chunks/0f_1_next_dist_0ulthqw._.js:2431
[  309765ms] [ERROR] A tree hydrated but some attributes of the server rendered HTML didn't match the client properties. This won't be patched up. This can happen if a SSR-ed Client Component used:

- A server/client branch `if (typeof window !== 'undefined')`.
- Variable input such as `Date.now()` or `Math.random()` which changes each time it's called.
- Date formatting in a user's locale which doesn't match the server.
- External changing data without sending a snapshot of it along with the HTML.
- Invalid HTML tag nesting.

It can also happen if the client has a browser extension installed which messes with the HTML before React loaded.

%s%s https://react.dev/link/hydration-mismatch 

  ...
    <ErrorBoundary errorComponent={undefined} errorStyles={undefined} errorScripts={undefined}>
      <LoadingBoundary name="/" loading={null}>
        <HTTPAccessFallbackBoundary notFound={<SegmentViewNode>} forbidden={undefined} unauthorized={undefined}>
          <HTTPAccessFallbackErrorBoundary pathname="/" notFound={<SegmentViewNode>} forbidden={undefined} ...>
            <RedirectBoundary>
              <RedirectErrorBoundary router={{...}}>
                <InnerLayoutRouter url="/" tree={[...]} params={{}} cacheNode={{rsc:<Fragment>, ...}} segmentPath={[...]} ...>
                  <SegmentViewNode type="page" pagePath="page.tsx">
                    <SegmentTrieNode>
                    <Home>
                      <main>
                        <FieldClient>
                        <Nav>
                        <Hero>
                          <section className="hero" id="hero">
                            <div>
                            <MouseParallax>
                              <motion.div style={undefined}>
                                <div
+                                 style={{}}
-                                 style={{transform:"none"}}
                                  ref={function useMotionRef.useCallback}
                                >
                            ...
                        <Dissolve>
                          <section className="dissolve" id="dissolve" ref={{current:null}}>
                            <div className="dissolve-s...">
                              <motion.p className="dissolve-pull" style={{opacity:1,y:0}}>
                                <p
                                  className="dissolve-pull"
                                  style={{
+                                   opacity: 1
-                                   opacity: "0"
+                                   transform: "none"
-                                   transform: "translateY(48px)"
                                  }}
                                  ref={function useMotionRef.useCallback}
                                >
                        ...
                          <div className={undefined} style={{opacity:0, ...}} ref={function useMotionRef.useCallback}>
                            <Parallax distance={24}>
                              <motion.div ref={{current:null}} className={undefined} style={undefined}>
                                <div
                                  className={undefined}
                                  style={{
-                                   transform: "translateY(24px)"
                                  }}
                                  ref={function useMotionRef.useCallback}
                                >
                        ...
                          <div className={undefined} style={{opacity:0, ...}} ref={function useMotionRef.useCallback}>
                            <Parallax distance={36}>
                              <motion.div ref={{current:null}} className={undefined} style={undefined}>
                                <div
                                  className={undefined}
                                  style={{
-                                   transform: "translateY(36px)"
                                  }}
                                  ref={function useMotionRef.useCallback}
                                >
                        ...
                          <div className={undefined} style={{opacity:0, ...}} ref={function useMotionRef.useCallback}>
                            <Parallax distance={30}>
                              <motion.div ref={{current:null}} className={undefined} style={undefined}>
                                <div
                                  className={undefined}
                                  style={{
-                                   transform: "translateY(30px)"
                                  }}
                                  ref={function useMotionRef.useCallback}
                                >
                        ...
                  ...
                ...
 @ http://localhost:3099/_next/static/chunks/0f_1_next_dist_0ulthqw._.js:3272
[  309780ms] [WARNING] Please ensure that the container has a non-static position, like 'relative', 'fixed', or 'absolute' to ensure scroll offset is calculated correctly. @ http://localhost:3099/_next/static/chunks/0f_1_next_dist_0ulthqw._.js:2431
[  384231ms] [LOG] [Fast Refresh] rebuilding @ http://localhost:3099/_next/static/chunks/0f_1_next_dist_0ulthqw._.js:2431
[  384261ms] [LOG] [Fast Refresh] done in 54ms @ http://localhost:3099/_next/static/chunks/0f_1_next_dist_0ulthqw._.js:2431
[  672110ms] [INFO] %cDownload the React DevTools for a better development experience: https://react.dev/link/react-devtools font-weight:bold @ http://localhost:3099/_next/static/chunks/0f_1_next_dist_0ulthqw._.js:2431
[  672125ms] [LOG] [HMR] connected @ http://localhost:3099/_next/static/chunks/0f_1_next_dist_0ulthqw._.js:2431
[  672165ms] [WARNING] Please ensure that the container has a non-static position, like 'relative', 'fixed', or 'absolute' to ensure scroll offset is calculated correctly. @ http://localhost:3099/_next/static/chunks/0f_1_next_dist_0ulthqw._.js:2431
[  713929ms] [INFO] %cDownload the React DevTools for a better development experience: https://react.dev/link/react-devtools font-weight:bold @ http://localhost:3099/_next/static/chunks/0f_1_next_dist_0ulthqw._.js:2431
[  713939ms] [LOG] [HMR] connected @ http://localhost:3099/_next/static/chunks/0f_1_next_dist_0ulthqw._.js:2431
[  714014ms] [WARNING] Please ensure that the container has a non-static position, like 'relative', 'fixed', or 'absolute' to ensure scroll offset is calculated correctly. @ http://localhost:3099/_next/static/chunks/0f_1_next_dist_0ulthqw._.js:2431
[  745419ms] [LOG] [Fast Refresh] rebuilding @ http://localhost:3099/_next/static/chunks/0f_1_next_dist_0ulthqw._.js:2431
[  745447ms] [LOG] [Fast Refresh] done in 33ms @ http://localhost:3099/_next/static/chunks/0f_1_next_dist_0ulthqw._.js:2431
[  778449ms] [INFO] %cDownload the React DevTools for a better development experience: https://react.dev/link/react-devtools font-weight:bold @ http://localhost:3099/_next/static/chunks/0f_1_next_dist_0ulthqw._.js:2431
[  778462ms] [LOG] [HMR] connected @ http://localhost:3099/_next/static/chunks/0f_1_next_dist_0ulthqw._.js:2431
[  778497ms] [WARNING] Please ensure that the container has a non-static position, like 'relative', 'fixed', or 'absolute' to ensure scroll offset is calculated correctly. @ http://localhost:3099/_next/static/chunks/0f_1_next_dist_0ulthqw._.js:2431
[  836086ms] [LOG] [Fast Refresh] rebuilding @ http://localhost:3099/_next/static/chunks/0f_1_next_dist_0ulthqw._.js:2431
[  836109ms] [LOG] [Fast Refresh] done in 19ms @ http://localhost:3099/_next/static/chunks/0f_1_next_dist_0ulthqw._.js:2431
[  919701ms] [INFO] %cDownload the React DevTools for a better development experience: https://react.dev/link/react-devtools font-weight:bold @ http://localhost:3099/_next/static/chunks/0f_1_next_dist_0ulthqw._.js:2431
[  919718ms] [LOG] [HMR] connected @ http://localhost:3099/_next/static/chunks/0f_1_next_dist_0ulthqw._.js:2431
[  999771ms] [LOG] [Fast Refresh] rebuilding @ http://localhost:3099/_next/static/chunks/0f_1_next_dist_0ulthqw._.js:2431
[  999797ms] [LOG] [Fast Refresh] done in 16ms @ http://localhost:3099/_next/static/chunks/0f_1_next_dist_0ulthqw._.js:2431
[ 1006008ms] [LOG] [Fast Refresh] rebuilding @ http://localhost:3099/_next/static/chunks/0f_1_next_dist_0ulthqw._.js:2431
[ 1006036ms] [LOG] [Fast Refresh] done in 42ms @ http://localhost:3099/_next/static/chunks/0f_1_next_dist_0ulthqw._.js:2431
[ 2237008ms] [LOG] [Fast Refresh] rebuilding @ http://localhost:3099/_next/static/chunks/0f_1_next_dist_0ulthqw._.js:2431
[ 2237058ms] [LOG] [Fast Refresh] done in 152ms @ http://localhost:3099/_next/static/chunks/0f_1_next_dist_0ulthqw._.js:2431
[ 2238358ms] [INFO] %cDownload the React DevTools for a better development experience: https://react.dev/link/react-devtools font-weight:bold @ http://localhost:3099/_next/static/chunks/0f_1_next_dist_0ulthqw._.js:2431
[ 2238408ms] [LOG] [HMR] connected @ http://localhost:3099/_next/static/chunks/0f_1_next_dist_0ulthqw._.js:2431
[ 2242515ms] [INFO] %cDownload the React DevTools for a better development experience: https://react.dev/link/react-devtools font-weight:bold @ http://localhost:3099/_next/static/chunks/0f_1_next_dist_0ulthqw._.js:2431
[ 2242531ms] [LOG] [HMR] connected @ http://localhost:3099/_next/static/chunks/0f_1_next_dist_0ulthqw._.js:2431
[ 3928352ms] [INFO] %cDownload the React DevTools for a better development experience: https://react.dev/link/react-devtools font-weight:bold @ http://localhost:3099/_next/static/chunks/0f_1_next_dist_0ulthqw._.js:2431
[ 3928374ms] [LOG] [HMR] connected @ http://localhost:3099/_next/static/chunks/0f_1_next_dist_0ulthqw._.js:2431
[ 4265709ms] [LOG] [Fast Refresh] rebuilding @ http://localhost:3099/_next/static/chunks/0f_1_next_dist_0ulthqw._.js:2431
[ 4265895ms] [LOG] [Fast Refresh] done in 287ms @ http://localhost:3099/_next/static/chunks/0f_1_next_dist_0ulthqw._.js:2431
[ 4286569ms] [LOG] [Fast Refresh] rebuilding @ http://localhost:3099/_next/static/chunks/0f_1_next_dist_0ulthqw._.js:2431
[ 4286591ms] [LOG] [Fast Refresh] done in 44ms @ http://localhost:3099/_next/static/chunks/0f_1_next_dist_0ulthqw._.js:2431
[ 4290337ms] [LOG] [Fast Refresh] rebuilding @ http://localhost:3099/_next/static/chunks/0f_1_next_dist_0ulthqw._.js:2431
[ 4290404ms] [LOG] [Fast Refresh] done in 21ms @ http://localhost:3099/_next/static/chunks/0f_1_next_dist_0ulthqw._.js:2431
[ 4295692ms] [LOG] [Fast Refresh] rebuilding @ http://localhost:3099/_next/static/chunks/0f_1_next_dist_0ulthqw._.js:2431
[ 4295725ms] [LOG] [Fast Refresh] done in 27ms @ http://localhost:3099/_next/static/chunks/0f_1_next_dist_0ulthqw._.js:2431
[ 4301063ms] [LOG] [Fast Refresh] rebuilding @ http://localhost:3099/_next/static/chunks/0f_1_next_dist_0ulthqw._.js:2431
[ 4301092ms] [LOG] [Fast Refresh] done in 13ms @ http://localhost:3099/_next/static/chunks/0f_1_next_dist_0ulthqw._.js:2431
[ 4365563ms] [INFO] %cDownload the React DevTools for a better development experience: https://react.dev/link/react-devtools font-weight:bold @ http://localhost:3099/_next/static/chunks/0f_1_next_dist_0ulthqw._.js:2431
[ 4365576ms] [LOG] [HMR] connected @ http://localhost:3099/_next/static/chunks/0f_1_next_dist_0ulthqw._.js:2431
[ 4422985ms] [INFO] %cDownload the React DevTools for a better development experience: https://react.dev/link/react-devtools font-weight:bold @ http://localhost:3099/_next/static/chunks/0f_1_next_dist_0ulthqw._.js:2431
[ 4422995ms] [LOG] [HMR] connected @ http://localhost:3099/_next/static/chunks/0f_1_next_dist_0ulthqw._.js:2431
[ 4619716ms] [ERROR] WebSocket connection to 'ws://localhost:3099/_next/webpack-hmr?id=ml5J2-IyI-FclvPskgFLt' failed: Error in connection establishment: net::ERR_CONNECTION_REFUSED @ http://localhost:3099/_next/static/chunks/0f_1_next_dist_client_0l_zv_d._.js:13299
[ 4620718ms] [ERROR] WebSocket connection to 'ws://localhost:3099/_next/webpack-hmr?id=ml5J2-IyI-FclvPskgFLt' failed: Error in connection establishment: net::ERR_CONNECTION_REFUSED @ http://localhost:3099/_next/static/chunks/0f_1_next_dist_client_0l_zv_d._.js:13299
[ 4621721ms] [ERROR] WebSocket connection to 'ws://localhost:3099/_next/webpack-hmr?id=ml5J2-IyI-FclvPskgFLt' failed: Error in connection establishment: net::ERR_CONNECTION_REFUSED @ http://localhost:3099/_next/static/chunks/0f_1_next_dist_client_0l_zv_d._.js:13299
[ 4622723ms] [ERROR] WebSocket connection to 'ws://localhost:3099/_next/webpack-hmr?id=ml5J2-IyI-FclvPskgFLt' failed: Error in connection establishment: net::ERR_CONNECTION_REFUSED @ http://localhost:3099/_next/static/chunks/0f_1_next_dist_client_0l_zv_d._.js:13299
[ 4623725ms] [ERROR] WebSocket connection to 'ws://localhost:3099/_next/webpack-hmr?id=ml5J2-IyI-FclvPskgFLt' failed: Error in connection establishment: net::ERR_CONNECTION_REFUSED @ http://localhost:3099/_next/static/chunks/0f_1_next_dist_client_0l_zv_d._.js:13299
[ 4628726ms] [ERROR] WebSocket connection to 'ws://localhost:3099/_next/webpack-hmr?id=ml5J2-IyI-FclvPskgFLt' failed: Error in connection establishment: net::ERR_CONNECTION_REFUSED @ http://localhost:3099/_next/static/chunks/0f_1_next_dist_client_0l_zv_d._.js:13299
[ 4633729ms] [ERROR] WebSocket connection to 'ws://localhost:3099/_next/webpack-hmr?id=ml5J2-IyI-FclvPskgFLt' failed: Error in connection establishment: net::ERR_CONNECTION_REFUSED @ http://localhost:3099/_next/static/chunks/0f_1_next_dist_client_0l_zv_d._.js:13299
[ 4638731ms] [ERROR] WebSocket connection to 'ws://localhost:3099/_next/webpack-hmr?id=ml5J2-IyI-FclvPskgFLt' failed: Error in connection establishment: net::ERR_CONNECTION_REFUSED @ http://localhost:3099/_next/static/chunks/0f_1_next_dist_client_0l_zv_d._.js:13299
[ 4643734ms] [ERROR] WebSocket connection to 'ws://localhost:3099/_next/webpack-hmr?id=ml5J2-IyI-FclvPskgFLt' failed: Error in connection establishment: net::ERR_CONNECTION_REFUSED @ http://localhost:3099/_next/static/chunks/0f_1_next_dist_client_0l_zv_d._.js:13299
[ 4648739ms] [ERROR] WebSocket connection to 'ws://localhost:3099/_next/webpack-hmr?id=ml5J2-IyI-FclvPskgFLt' failed: Error in connection establishment: net::ERR_CONNECTION_REFUSED @ http://localhost:3099/_next/static/chunks/0f_1_next_dist_client_0l_zv_d._.js:13299
[ 4653743ms] [ERROR] WebSocket connection to 'ws://localhost:3099/_next/webpack-hmr?id=ml5J2-IyI-FclvPskgFLt' failed: Error in connection establishment: net::ERR_CONNECTION_REFUSED @ http://localhost:3099/_next/static/chunks/0f_1_next_dist_client_0l_zv_d._.js:13299
[ 4658754ms] [ERROR] WebSocket connection to 'ws://localhost:3099/_next/webpack-hmr?id=ml5J2-IyI-FclvPskgFLt' failed: Error in connection establishment: net::ERR_CONNECTION_REFUSED @ http://localhost:3099/_next/static/chunks/0f_1_next_dist_client_0l_zv_d._.js:13299
[ 4894679ms] [INFO] %cDownload the React DevTools for a better development experience: https://react.dev/link/react-devtools font-weight:bold @ http://localhost:3002/_next/static/chunks/node_modules_next_dist_115brz8._.js:2431
[ 4894724ms] [LOG] [HMR] connected @ http://localhost:3002/_next/static/chunks/node_modules_next_dist_115brz8._.js:2431
[ 4929719ms] [INFO] %cDownload the React DevTools for a better development experience: https://react.dev/link/react-devtools font-weight:bold @ http://localhost:3002/_next/static/chunks/node_modules_next_dist_115brz8._.js:2431
[ 4929730ms] [LOG] [HMR] connected @ http://localhost:3002/_next/static/chunks/node_modules_next_dist_115brz8._.js:2431
[ 5007589ms] [LOG] [Fast Refresh] rebuilding @ http://localhost:3002/_next/static/chunks/node_modules_next_dist_115brz8._.js:2431
[ 5007626ms] [LOG] [Fast Refresh] done in 27ms @ http://localhost:3002/_next/static/chunks/node_modules_next_dist_115brz8._.js:2431
[ 5009116ms] [LOG] [Fast Refresh] rebuilding @ http://localhost:3002/_next/static/chunks/node_modules_next_dist_115brz8._.js:2431
[ 5009147ms] [LOG] [Fast Refresh] done in 9ms @ http://localhost:3002/_next/static/chunks/node_modules_next_dist_115brz8._.js:2431
[ 5570161ms] [LOG] [Fast Refresh] rebuilding @ http://localhost:3002/_next/static/chunks/node_modules_next_dist_115brz8._.js:2431
[ 5570198ms] [LOG] [Fast Refresh] done in 37ms @ http://localhost:3002/_next/static/chunks/node_modules_next_dist_115brz8._.js:2431
[ 5580472ms] [INFO] %cDownload the React DevTools for a better development experience: https://react.dev/link/react-devtools font-weight:bold @ http://localhost:3002/_next/static/chunks/node_modules_next_dist_115brz8._.js:2431
[ 5580495ms] [LOG] [HMR] connected @ http://localhost:3002/_next/static/chunks/node_modules_next_dist_115brz8._.js:2431
[ 7371182ms] [ERROR] WebSocket connection to 'ws://localhost:3002/_next/webpack-hmr?id=se7FbdDKI8MXUKEcp-FKS' failed: Error in connection establishment: net::ERR_CONNECTION_REFUSED @ http://localhost:3002/_next/static/chunks/node_modules_next_dist_client_0fhqo1d._.js:13299
[ 7372184ms] [ERROR] WebSocket connection to 'ws://localhost:3002/_next/webpack-hmr?id=se7FbdDKI8MXUKEcp-FKS' failed: Error in connection establishment: net::ERR_CONNECTION_REFUSED @ http://localhost:3002/_next/static/chunks/node_modules_next_dist_client_0fhqo1d._.js:13299
[ 7373187ms] [ERROR] WebSocket connection to 'ws://localhost:3002/_next/webpack-hmr?id=se7FbdDKI8MXUKEcp-FKS' failed: Error in connection establishment: net::ERR_CONNECTION_REFUSED @ http://localhost:3002/_next/static/chunks/node_modules_next_dist_client_0fhqo1d._.js:13299
[ 7374190ms] [ERROR] WebSocket connection to 'ws://localhost:3002/_next/webpack-hmr?id=se7FbdDKI8MXUKEcp-FKS' failed: Error in connection establishment: net::ERR_CONNECTION_REFUSED @ http://localhost:3002/_next/static/chunks/node_modules_next_dist_client_0fhqo1d._.js:13299
[ 7375193ms] [ERROR] WebSocket connection to 'ws://localhost:3002/_next/webpack-hmr?id=se7FbdDKI8MXUKEcp-FKS' failed: Error in connection establishment: net::ERR_CONNECTION_REFUSED @ http://localhost:3002/_next/static/chunks/node_modules_next_dist_client_0fhqo1d._.js:13299
[ 7380201ms] [ERROR] WebSocket connection to 'ws://localhost:3002/_next/webpack-hmr?id=se7FbdDKI8MXUKEcp-FKS' failed: Error in connection establishment: net::ERR_CONNECTION_REFUSED @ http://localhost:3002/_next/static/chunks/node_modules_next_dist_client_0fhqo1d._.js:13299
[ 7385216ms] [ERROR] WebSocket connection to 'ws://localhost:3002/_next/webpack-hmr?id=se7FbdDKI8MXUKEcp-FKS' failed: Error in connection establishment: net::ERR_CONNECTION_REFUSED @ http://localhost:3002/_next/static/chunks/node_modules_next_dist_client_0fhqo1d._.js:13299
[ 7390232ms] [ERROR] WebSocket connection to 'ws://localhost:3002/_next/webpack-hmr?id=se7FbdDKI8MXUKEcp-FKS' failed: Error in connection establishment: net::ERR_CONNECTION_REFUSED @ http://localhost:3002/_next/static/chunks/node_modules_next_dist_client_0fhqo1d._.js:13299
[ 7395265ms] [ERROR] WebSocket connection to 'ws://localhost:3002/_next/webpack-hmr?id=se7FbdDKI8MXUKEcp-FKS' failed: Error in connection establishment: net::ERR_CONNECTION_REFUSED @ http://localhost:3002/_next/static/chunks/node_modules_next_dist_client_0fhqo1d._.js:13299
[ 7400289ms] [ERROR] WebSocket connection to 'ws://localhost:3002/_next/webpack-hmr?id=se7FbdDKI8MXUKEcp-FKS' failed: Error in connection establishment: net::ERR_CONNECTION_REFUSED @ http://localhost:3002/_next/static/chunks/node_modules_next_dist_client_0fhqo1d._.js:13299
[ 7405430ms] [ERROR] WebSocket connection to 'ws://localhost:3002/_next/webpack-hmr?id=se7FbdDKI8MXUKEcp-FKS' failed: Error in connection establishment: net::ERR_CONNECTION_REFUSED @ http://localhost:3002/_next/static/chunks/node_modules_next_dist_client_0fhqo1d._.js:13299
[ 7410735ms] [ERROR] WebSocket connection to 'ws://localhost:3002/_next/webpack-hmr?id=se7FbdDKI8MXUKEcp-FKS' failed: Error in connection establishment: net::ERR_CONNECTION_REFUSED @ http://localhost:3002/_next/static/chunks/node_modules_next_dist_client_0fhqo1d._.js:13299
